<?xml version="1.0" encoding="utf-8"?>
<testsuites><testsuite name="pytest" errors="1" failures="0" skipped="0" tests="1" time="0.120" timestamp="2022-11-30T12:33:41.452371" hostname="BAN-LAP-BAVNAM">
<testcase classname="" name="test_compare" time="0.000"><error message="collection failure">test_compare.py:2: in &lt;module&gt;
    @pytest.marker.xfail
..\lib\site-packages\pytest\__init__.py:169: in __getattr__
    raise AttributeError(f"module {__name__} has no attribute {name}")
E   AttributeError: module pytest has no attribute marker. Did you mean: 'Parser'?</error></testcase></testsuite></testsuites>